<?xml version="1.0" encoding="UTF-8"?>
<!-- Generated by org.testng.reporters.JUnitReportReporter -->
<testsuite hostname="DESKTOP-2TFF9MP" failures="0" tests="1" name="lib.test14" time="0.002" errors="0" timestamp="2024-07-06T16:09:34 IST" skipped="0">
  <testcase classname="lib.test14" name="h1" time="0.002"/>
</testsuite> <!-- lib.test14 -->
