<?xml version="1.0" encoding="UTF-8"?>
<!-- Generated by org.testng.reporters.JUnitReportReporter -->
<testsuite hostname="DESKTOP-2TFF9MP" failures="0" tests="4" name="lib.test12" time="5.576" errors="0" timestamp="2024-07-06T16:09:34 IST" skipped="0">
  <testcase classname="lib.test12" name="h" time="0.009"/>
  <testcase classname="lib.test12" name="g" time="0.002"/>
  <testcase classname="lib.test12" name="i" time="0.001"/>
  <testcase classname="lib.test12" name="f" time="5.564"/>
</testsuite> <!-- lib.test12 -->
