<?xml version="1.0" encoding="UTF-8"?>
<!-- Generated by org.testng.reporters.JUnitReportReporter -->
<testsuite hostname="DESKTOP-2TFF9MP" failures="0" tests="1" name="_Project.test" time="0.011" errors="0" timestamp="2024-03-30T22:27:32 IST" skipped="0">
  <testcase classname="_Project.test" name="t1" time="0.011"/>
  <system-out/>
</testsuite> <!-- _Project.test -->
