<?xml version="1.0" encoding="UTF-8"?>
<!-- Generated by org.testng.reporters.JUnitReportReporter -->
<testsuite hostname="DESKTOP-2TFF9MP" failures="0" tests="4" name="lib.test12" time="3.407" errors="0" timestamp="2024-07-13T13:52:17 IST" skipped="0">
  <testcase classname="lib.test12" name="h" time="0.008"/>
  <testcase classname="lib.test12" name="g" time="0.001"/>
  <testcase classname="lib.test12" name="i" time="0.001"/>
  <testcase classname="lib.test12" name="f" time="3.397"/>
</testsuite> <!-- lib.test12 -->
