<?xml version="1.0" encoding="UTF-8"?>
<!-- Generated by org.testng.reporters.JUnitReportReporter -->
<testsuite hostname="DESKTOP-2TFF9MP" failures="0" tests="2" name="_Project.testTest" time="0.021" errors="0" timestamp="27 Jun 2024 07:33:50 GMT" skipped="0">
  <testcase classname="_Project.testTest" name="f" time="0.018"/>
  <testcase classname="_Project.testTest" name="t1" time="0.003"/>
</testsuite> <!-- _Project.testTest -->
